
RAxML-NG v. 1.1 released on 29.11.2021 by The Exelixis Lab.
Developed by: Alexey M. Kozlov and Alexandros Stamatakis.
Contributors: Diego Darriba, Tomas Flouri, Benoit Morel, Sarah Lutteropp, Ben Bettisworth.
Latest version: https://github.com/amkozlov/raxml-ng
Questions/problems/suggestions? Please visit: https://groups.google.com/forum/#!forum/raxml

System: Intel(R) Xeon(R) CPU E5-2670 0 @ 2.60GHz, 16 cores, 62 GB RAM

RAxML-NG was called at 24-Aug-2022 17:40:28 as follows:

raxml-ng-mpi --parse --msa kobu_raxml.fasta --model GTR+I+G4 --prefix T2

Analysis options:
  run mode: Alignment parsing and compression
  start tree(s): 
  random seed: 1661380829
  tip-inner: OFF
  pattern compression: ON
  per-rate scalers: OFF
  site repeats: ON
  branch lengths: proportional (ML estimate, algorithm: NR-FAST)
  SIMD kernels: AVX
  parallelization: coarse-grained (auto), PTHREADS (auto)

[00:00:00] Reading alignment from file: kobu_raxml.fasta
[00:00:00] Loaded alignment with 103 taxa and 7933 sites

Alignment comprises 1 partitions and 5804 patterns

Partition 0: noname
Model: GTR+FO+I+G4m
Alignment sites / patterns: 7933 / 5804
Gaps: 15.31 %
Invariant sites: 20.56 %


NOTE: Binary MSA file created: T2.raxml.rba


* Estimated memory requirements                : 145 MB

* Recommended number of threads / MPI processes: 8

Please note that numbers given above are rough estimates only. 
Actual memory consumption and parallel performance on your system may differ!

Alignment can be successfully read by RAxML-NG.


Execution log saved to: /lustre/work/cresslerlab/fgonzalez3/BrookLab/final_trees/kobuvirus_tree/rabovirus_outgroup/raxml_parse/T2.raxml.log

Analysis started: 24-Aug-2022 17:40:28 / finished: 24-Aug-2022 17:40:29

Elapsed time: 0.912 seconds

