
RAxML-NG v. 1.1 released on 29.11.2021 by The Exelixis Lab.
Developed by: Alexey M. Kozlov and Alexandros Stamatakis.
Contributors: Diego Darriba, Tomas Flouri, Benoit Morel, Sarah Lutteropp, Ben Bettisworth.
Latest version: https://github.com/amkozlov/raxml-ng
Questions/problems/suggestions? Please visit: https://groups.google.com/forum/#!forum/raxml

System: Intel(R) Xeon(R) CPU E5-2670 0 @ 2.60GHz, 16 cores, 62 GB RAM

RAxML-NG was called at 24-Aug-2022 17:36:44 as follows:

raxml-ng-mpi --check --msa kobu_raxml.fasta --model GTR+I+G4 --prefix T1

Analysis options:
  run mode: Alignment validation
  start tree(s): 
  random seed: 1661380605
  SIMD kernels: AVX
  parallelization: coarse-grained (auto), PTHREADS (auto)

[00:00:01] Reading alignment from file: kobu_raxml.fasta
[00:00:01] Loaded alignment with 103 taxa and 7933 sites

Alignment comprises 1 partitions and 7933 sites

Partition 0: noname
Model: GTR+FO+I+G4m
Alignment sites: 7933
Gaps: 15.31 %
Invariant sites: 20.56 %



Alignment can be successfully read by RAxML-NG.


Execution log saved to: /lustre/work/cresslerlab/fgonzalez3/BrookLab/final_trees/kobuvirus_tree/rabovirus_outgroup/raxml_check/T1.raxml.log

Analysis started: 24-Aug-2022 17:36:44 / finished: 24-Aug-2022 17:36:45

Elapsed time: 1.092 seconds

