
RAxML-NG v. 1.1 released on 29.11.2021 by The Exelixis Lab.
Developed by: Alexey M. Kozlov and Alexandros Stamatakis.
Contributors: Diego Darriba, Tomas Flouri, Benoit Morel, Sarah Lutteropp, Ben Bettisworth.
Latest version: https://github.com/amkozlov/raxml-ng
Questions/problems/suggestions? Please visit: https://groups.google.com/forum/#!forum/raxml

System: Intel(R) Xeon(R) Gold 6248 CPU @ 2.50GHz, 40 cores, 1511 GB RAM

RAxML-NG was called at 24-Aug-2022 17:59:47 as follows:

raxml-ng-mpi --parse --msa orf_raxml.fasta --model LG+G4+F --prefix T2

Analysis options:
  run mode: Alignment parsing and compression
  start tree(s): 
  random seed: 1661381988
  tip-inner: OFF
  pattern compression: ON
  per-rate scalers: OFF
  site repeats: ON
  branch lengths: proportional (ML estimate, algorithm: NR-FAST)
  SIMD kernels: AVX2
  parallelization: coarse-grained (auto), PTHREADS (auto)

[00:00:00] Reading alignment from file: orf_raxml.fasta
[00:00:01] Loaded alignment with 100 taxa and 2966 sites

WARNING: Fully undetermined columns found: 1

NOTE: Reduced alignment (with duplicates and gap-only sites/taxa removed) 
NOTE: was saved to: /lustre/work/cresslerlab/fgonzalez3/BrookLab/final_trees/orf_tree/rabovirus_outgroup/raxml_parse/T2.raxml.reduced.phy

Alignment comprises 1 partitions and 2561 patterns

Partition 0: noname
Model: LG+FC+G4m
Alignment sites / patterns: 2965 / 2561
Gaps: 16.90 %
Invariant sites: 17.74 %


NOTE: Binary MSA file created: T2.raxml.rba


* Estimated memory requirements                : 310 MB

* Recommended number of threads / MPI processes: 8

Please note that numbers given above are rough estimates only. 
Actual memory consumption and parallel performance on your system may differ!

Alignment can be successfully read by RAxML-NG.


Execution log saved to: /lustre/work/cresslerlab/fgonzalez3/BrookLab/final_trees/orf_tree/rabovirus_outgroup/raxml_parse/T2.raxml.log

Analysis started: 24-Aug-2022 17:59:47 / finished: 24-Aug-2022 17:59:48

Elapsed time: 1.030 seconds

